C:\Users\Sunkee\Documents\Visual Studio 2017\Projects\JournalResearcher\JournalResearcher\ClientApp\dist\out-tsc\e2e\app.po.js
C:\Users\Sunkee\Documents\Visual Studio 2017\Projects\JournalResearcher\JournalResearcher\ClientApp\dist\out-tsc\e2e\app.po.js.map
C:\Users\Sunkee\Documents\Visual Studio 2017\Projects\JournalResearcher\JournalResearcher\ClientApp\dist\out-tsc\e2e\app.e2e-spec.js
C:\Users\Sunkee\Documents\Visual Studio 2017\Projects\JournalResearcher\JournalResearcher\ClientApp\dist\out-tsc\e2e\app.e2e-spec.js.map
C:\Users\Sunkee\Documents\Visual Studio 2017\Projects\JournalResearcher\JournalResearcher\ClientApp\dist\out-tsc\src\app\app.component.js
C:\Users\Sunkee\Documents\Visual Studio 2017\Projects\JournalResearcher\JournalResearcher\ClientApp\dist\out-tsc\src\app\app.component.js.map
C:\Users\Sunkee\Documents\Visual Studio 2017\Projects\JournalResearcher\JournalResearcher\ClientApp\dist\out-tsc\src\environments\environment.js
C:\Users\Sunkee\Documents\Visual Studio 2017\Projects\JournalResearcher\JournalResearcher\ClientApp\dist\out-tsc\src\environments\environment.js.map
C:\Users\Sunkee\Documents\Visual Studio 2017\Projects\JournalResearcher\JournalResearcher\ClientApp\dist\out-tsc\src\app\shared\constant.js
C:\Users\Sunkee\Documents\Visual Studio 2017\Projects\JournalResearcher\JournalResearcher\ClientApp\dist\out-tsc\src\app\shared\constant.js.map
C:\Users\Sunkee\Documents\Visual Studio 2017\Projects\JournalResearcher\JournalResearcher\ClientApp\dist\out-tsc\src\app\core\service\data-keeper.service.js
C:\Users\Sunkee\Documents\Visual Studio 2017\Projects\JournalResearcher\JournalResearcher\ClientApp\dist\out-tsc\src\app\core\service\data-keeper.service.js.map
C:\Users\Sunkee\Documents\Visual Studio 2017\Projects\JournalResearcher\JournalResearcher\ClientApp\dist\out-tsc\src\app\core\common\ErrorHandler.js
C:\Users\Sunkee\Documents\Visual Studio 2017\Projects\JournalResearcher\JournalResearcher\ClientApp\dist\out-tsc\src\app\core\common\ErrorHandler.js.map
C:\Users\Sunkee\Documents\Visual Studio 2017\Projects\JournalResearcher\JournalResearcher\ClientApp\dist\out-tsc\src\app\core\models\IUser.js
C:\Users\Sunkee\Documents\Visual Studio 2017\Projects\JournalResearcher\JournalResearcher\ClientApp\dist\out-tsc\src\app\core\models\IUser.js.map
C:\Users\Sunkee\Documents\Visual Studio 2017\Projects\JournalResearcher\JournalResearcher\ClientApp\dist\out-tsc\src\app\core\service\guard\auth.service.js
C:\Users\Sunkee\Documents\Visual Studio 2017\Projects\JournalResearcher\JournalResearcher\ClientApp\dist\out-tsc\src\app\core\service\guard\auth.service.js.map
C:\Users\Sunkee\Documents\Visual Studio 2017\Projects\JournalResearcher\JournalResearcher\ClientApp\dist\out-tsc\src\app\nav-menu\nav-menu.component.js
C:\Users\Sunkee\Documents\Visual Studio 2017\Projects\JournalResearcher\JournalResearcher\ClientApp\dist\out-tsc\src\app\nav-menu\nav-menu.component.js.map
C:\Users\Sunkee\Documents\Visual Studio 2017\Projects\JournalResearcher\JournalResearcher\ClientApp\dist\out-tsc\src\app\home\home.component.js
C:\Users\Sunkee\Documents\Visual Studio 2017\Projects\JournalResearcher\JournalResearcher\ClientApp\dist\out-tsc\src\app\home\home.component.js.map
C:\Users\Sunkee\Documents\Visual Studio 2017\Projects\JournalResearcher\JournalResearcher\ClientApp\dist\out-tsc\src\app\counter\counter.component.js
C:\Users\Sunkee\Documents\Visual Studio 2017\Projects\JournalResearcher\JournalResearcher\ClientApp\dist\out-tsc\src\app\counter\counter.component.js.map
C:\Users\Sunkee\Documents\Visual Studio 2017\Projects\JournalResearcher\JournalResearcher\ClientApp\dist\out-tsc\src\app\fetch-data\fetch-data.component.js
C:\Users\Sunkee\Documents\Visual Studio 2017\Projects\JournalResearcher\JournalResearcher\ClientApp\dist\out-tsc\src\app\fetch-data\fetch-data.component.js.map
C:\Users\Sunkee\Documents\Visual Studio 2017\Projects\JournalResearcher\JournalResearcher\ClientApp\dist\out-tsc\src\app\core\service\validation.service.js
C:\Users\Sunkee\Documents\Visual Studio 2017\Projects\JournalResearcher\JournalResearcher\ClientApp\dist\out-tsc\src\app\core\service\validation.service.js.map
C:\Users\Sunkee\Documents\Visual Studio 2017\Projects\JournalResearcher\JournalResearcher\ClientApp\dist\out-tsc\src\app\auth\sign-in\sign-in.component.js
C:\Users\Sunkee\Documents\Visual Studio 2017\Projects\JournalResearcher\JournalResearcher\ClientApp\dist\out-tsc\src\app\auth\sign-in\sign-in.component.js.map
C:\Users\Sunkee\Documents\Visual Studio 2017\Projects\JournalResearcher\JournalResearcher\ClientApp\dist\out-tsc\src\app\core\models\IThesis.js
C:\Users\Sunkee\Documents\Visual Studio 2017\Projects\JournalResearcher\JournalResearcher\ClientApp\dist\out-tsc\src\app\core\models\IThesis.js.map
C:\Users\Sunkee\Documents\Visual Studio 2017\Projects\JournalResearcher\JournalResearcher\ClientApp\dist\out-tsc\src\app\core\service\server.service.js
C:\Users\Sunkee\Documents\Visual Studio 2017\Projects\JournalResearcher\JournalResearcher\ClientApp\dist\out-tsc\src\app\core\service\server.service.js.map
C:\Users\Sunkee\Documents\Visual Studio 2017\Projects\JournalResearcher\JournalResearcher\ClientApp\dist\out-tsc\src\app\auth\sign-up\sign-up.component.js
C:\Users\Sunkee\Documents\Visual Studio 2017\Projects\JournalResearcher\JournalResearcher\ClientApp\dist\out-tsc\src\app\auth\sign-up\sign-up.component.js.map
C:\Users\Sunkee\Documents\Visual Studio 2017\Projects\JournalResearcher\JournalResearcher\ClientApp\dist\out-tsc\src\app\core\service\guard\role-gaurd.service.js
C:\Users\Sunkee\Documents\Visual Studio 2017\Projects\JournalResearcher\JournalResearcher\ClientApp\dist\out-tsc\src\app\core\service\guard\role-gaurd.service.js.map
C:\Users\Sunkee\Documents\Visual Studio 2017\Projects\JournalResearcher\JournalResearcher\ClientApp\dist\out-tsc\src\app\user\user.component.js
C:\Users\Sunkee\Documents\Visual Studio 2017\Projects\JournalResearcher\JournalResearcher\ClientApp\dist\out-tsc\src\app\user\user.component.js.map
C:\Users\Sunkee\Documents\Visual Studio 2017\Projects\JournalResearcher\JournalResearcher\ClientApp\dist\out-tsc\src\app\user\user-add\user-add.component.js
C:\Users\Sunkee\Documents\Visual Studio 2017\Projects\JournalResearcher\JournalResearcher\ClientApp\dist\out-tsc\src\app\user\user-add\user-add.component.js.map
C:\Users\Sunkee\Documents\Visual Studio 2017\Projects\JournalResearcher\JournalResearcher\ClientApp\dist\out-tsc\src\app\app.routing.js
C:\Users\Sunkee\Documents\Visual Studio 2017\Projects\JournalResearcher\JournalResearcher\ClientApp\dist\out-tsc\src\app\app.routing.js.map
C:\Users\Sunkee\Documents\Visual Studio 2017\Projects\JournalResearcher\JournalResearcher\ClientApp\dist\out-tsc\src\app\intro-banner\intro-banner.component.js
C:\Users\Sunkee\Documents\Visual Studio 2017\Projects\JournalResearcher\JournalResearcher\ClientApp\dist\out-tsc\src\app\intro-banner\intro-banner.component.js.map
C:\Users\Sunkee\Documents\Visual Studio 2017\Projects\JournalResearcher\JournalResearcher\ClientApp\dist\out-tsc\src\app\footer\footer.component.js
C:\Users\Sunkee\Documents\Visual Studio 2017\Projects\JournalResearcher\JournalResearcher\ClientApp\dist\out-tsc\src\app\footer\footer.component.js.map
C:\Users\Sunkee\Documents\Visual Studio 2017\Projects\JournalResearcher\JournalResearcher\ClientApp\dist\out-tsc\src\app\core\service\guard\auth-gaurd.service.js
C:\Users\Sunkee\Documents\Visual Studio 2017\Projects\JournalResearcher\JournalResearcher\ClientApp\dist\out-tsc\src\app\core\service\guard\auth-gaurd.service.js.map
C:\Users\Sunkee\Documents\Visual Studio 2017\Projects\JournalResearcher\JournalResearcher\ClientApp\dist\out-tsc\src\app\core\interceptor\AuthInterceptor.js
C:\Users\Sunkee\Documents\Visual Studio 2017\Projects\JournalResearcher\JournalResearcher\ClientApp\dist\out-tsc\src\app\core\interceptor\AuthInterceptor.js.map
C:\Users\Sunkee\Documents\Visual Studio 2017\Projects\JournalResearcher\JournalResearcher\ClientApp\dist\out-tsc\src\app\applicant\applicant-add\applicant-add.component.js
C:\Users\Sunkee\Documents\Visual Studio 2017\Projects\JournalResearcher\JournalResearcher\ClientApp\dist\out-tsc\src\app\applicant\applicant-add\applicant-add.component.js.map
C:\Users\Sunkee\Documents\Visual Studio 2017\Projects\JournalResearcher\JournalResearcher\ClientApp\dist\out-tsc\src\app\applicant\applicant.component.js
C:\Users\Sunkee\Documents\Visual Studio 2017\Projects\JournalResearcher\JournalResearcher\ClientApp\dist\out-tsc\src\app\applicant\applicant.component.js.map
C:\Users\Sunkee\Documents\Visual Studio 2017\Projects\JournalResearcher\JournalResearcher\ClientApp\dist\out-tsc\src\app\applicant\applicant.routing.js
C:\Users\Sunkee\Documents\Visual Studio 2017\Projects\JournalResearcher\JournalResearcher\ClientApp\dist\out-tsc\src\app\applicant\applicant.routing.js.map
C:\Users\Sunkee\Documents\Visual Studio 2017\Projects\JournalResearcher\JournalResearcher\ClientApp\dist\out-tsc\src\app\applicant\applicant.module.js
C:\Users\Sunkee\Documents\Visual Studio 2017\Projects\JournalResearcher\JournalResearcher\ClientApp\dist\out-tsc\src\app\applicant\applicant.module.js.map
C:\Users\Sunkee\Documents\Visual Studio 2017\Projects\JournalResearcher\JournalResearcher\ClientApp\dist\out-tsc\src\app\admin\admin.component.js
C:\Users\Sunkee\Documents\Visual Studio 2017\Projects\JournalResearcher\JournalResearcher\ClientApp\dist\out-tsc\src\app\admin\admin.component.js.map
C:\Users\Sunkee\Documents\Visual Studio 2017\Projects\JournalResearcher\JournalResearcher\ClientApp\dist\out-tsc\src\app\app.module.js
C:\Users\Sunkee\Documents\Visual Studio 2017\Projects\JournalResearcher\JournalResearcher\ClientApp\dist\out-tsc\src\app\app.module.js.map
C:\Users\Sunkee\Documents\Visual Studio 2017\Projects\JournalResearcher\JournalResearcher\ClientApp\dist\out-tsc\src\main.js
C:\Users\Sunkee\Documents\Visual Studio 2017\Projects\JournalResearcher\JournalResearcher\ClientApp\dist\out-tsc\src\main.js.map
C:\Users\Sunkee\Documents\Visual Studio 2017\Projects\JournalResearcher\JournalResearcher\ClientApp\dist\out-tsc\src\polyfills.js
C:\Users\Sunkee\Documents\Visual Studio 2017\Projects\JournalResearcher\JournalResearcher\ClientApp\dist\out-tsc\src\polyfills.js.map
C:\Users\Sunkee\Documents\Visual Studio 2017\Projects\JournalResearcher\JournalResearcher\ClientApp\dist\out-tsc\src\test.js
C:\Users\Sunkee\Documents\Visual Studio 2017\Projects\JournalResearcher\JournalResearcher\ClientApp\dist\out-tsc\src\test.js.map
C:\Users\Sunkee\Documents\Visual Studio 2017\Projects\JournalResearcher\JournalResearcher\ClientApp\dist\out-tsc\src\environments\environment.prod.js
C:\Users\Sunkee\Documents\Visual Studio 2017\Projects\JournalResearcher\JournalResearcher\ClientApp\dist\out-tsc\src\environments\environment.prod.js.map
C:\Users\Sunkee\Documents\Visual Studio 2017\Projects\JournalResearcher\JournalResearcher\ClientApp\dist\out-tsc\src\app\admin\admin.component.spec.js
C:\Users\Sunkee\Documents\Visual Studio 2017\Projects\JournalResearcher\JournalResearcher\ClientApp\dist\out-tsc\src\app\admin\admin.component.spec.js.map
C:\Users\Sunkee\Documents\Visual Studio 2017\Projects\JournalResearcher\JournalResearcher\ClientApp\dist\out-tsc\src\app\admin\admin.module.js
C:\Users\Sunkee\Documents\Visual Studio 2017\Projects\JournalResearcher\JournalResearcher\ClientApp\dist\out-tsc\src\app\admin\admin.module.js.map
C:\Users\Sunkee\Documents\Visual Studio 2017\Projects\JournalResearcher\JournalResearcher\ClientApp\dist\out-tsc\src\app\applicant\applicant.component.spec.js
C:\Users\Sunkee\Documents\Visual Studio 2017\Projects\JournalResearcher\JournalResearcher\ClientApp\dist\out-tsc\src\app\applicant\applicant.component.spec.js.map
C:\Users\Sunkee\Documents\Visual Studio 2017\Projects\JournalResearcher\JournalResearcher\ClientApp\dist\out-tsc\src\app\counter\counter.component.spec.js
C:\Users\Sunkee\Documents\Visual Studio 2017\Projects\JournalResearcher\JournalResearcher\ClientApp\dist\out-tsc\src\app\counter\counter.component.spec.js.map
C:\Users\Sunkee\Documents\Visual Studio 2017\Projects\JournalResearcher\JournalResearcher\ClientApp\dist\out-tsc\src\app\user\user-add\user-add.component.spec.js
C:\Users\Sunkee\Documents\Visual Studio 2017\Projects\JournalResearcher\JournalResearcher\ClientApp\dist\out-tsc\src\app\user\user-add\user-add.component.spec.js.map
